<?xml version="1.0" encoding="UTF-8"?>
<!-- Generated by org.testng.reporters.JUnitReportReporter -->
<testsuite hostname="svanik" name="smoketest.Drag" tests="1" failures="0" timestamp="22 Sep 2015 06:46:01 GMT" time="11.341" errors="0">
  <testcase name="Dragable" time="11.341" classname="smoketest.Drag"/>
</testsuite> <!-- smoketest.Drag -->
