<?xml version="1.0" encoding="UTF-8"?>
<!-- Generated by org.testng.reporters.JUnitReportReporter -->
<testsuite hostname="svanik" name="smoketest.Slider" tests="1" failures="0" timestamp="22 Sep 2015 06:46:01 GMT" time="10.364" errors="0">
  <testcase name="Dragable" time="10.364" classname="smoketest.Slider"/>
</testsuite> <!-- smoketest.Slider -->
