<?xml version="1.0" encoding="UTF-8"?>
<!-- Generated by org.testng.reporters.JUnitReportReporter -->
<testsuite hostname="svanik" name="smoketest.DropDown" tests="1" failures="0" timestamp="22 Sep 2015 06:46:01 GMT" time="21.170" errors="0">
  <testcase name="DropD" time="21.170" classname="smoketest.DropDown"/>
</testsuite> <!-- smoketest.DropDown -->
