<?xml version="1.0" encoding="UTF-8"?>
<!-- Generated by org.testng.reporters.JUnitReportReporter -->
<testsuite hostname="svanik" name="seleniumtutorial.TestExamples" tests="4" failures="0" timestamp="22 Sep 2015 06:30:36 GMT" time="0.008" errors="0">
  <testcase name="test2" time="0.001" classname="seleniumtutorial.TestExamples"/>
  <testcase name="test1" time="0.000" classname="seleniumtutorial.TestExamples"/>
  <testcase name="beforeMethod" time="0.003" classname="seleniumtutorial.TestExamples"/>
  <testcase name="afterMethod" time="0.004" classname="seleniumtutorial.TestExamples"/>
</testsuite> <!-- seleniumtutorial.TestExamples -->
