<?xml version="1.0" encoding="UTF-8"?>
<!-- Generated by org.testng.reporters.JUnitReportReporter -->
<testsuite hostname="svanik" name="smoketest.Resize" tests="1" failures="0" timestamp="22 Sep 2015 06:46:01 GMT" time="8.604" errors="0">
  <testcase name="Dragable" time="8.604" classname="smoketest.Resize"/>
</testsuite> <!-- smoketest.Resize -->
