<?xml version="1.0" encoding="UTF-8"?>
<!-- Generated by org.testng.reporters.JUnitReportReporter -->
<testsuite hostname="svanik" name="smoketest.DropDown" tests="1" failures="0" timestamp="22 Sep 2015 07:44:19 GMT" time="16.612" errors="0">
  <testcase name="DropD" time="16.612" classname="smoketest.DropDown"/>
</testsuite> <!-- smoketest.DropDown -->
