<?xml version="1.0" encoding="UTF-8"?>
<!-- Generated by org.testng.reporters.JUnitReportReporter -->
<testsuite hostname="svanik" name="smoketest.Resize" tests="1" failures="0" timestamp="22 Sep 2015 07:44:19 GMT" time="7.476" errors="0">
  <testcase name="Dragable" time="7.476" classname="smoketest.Resize"/>
</testsuite> <!-- smoketest.Resize -->
