<?xml version="1.0" encoding="UTF-8"?>
<!-- Generated by org.testng.reporters.JUnitReportReporter -->
<testsuite hostname="svanik" name="seleniumtutorial.Hotel_Login" tests="2" failures="0" timestamp="22 Sep 2015 07:44:19 GMT" time="17.060" errors="0">
  <testcase name="login" time="2.202" classname="seleniumtutorial.Hotel_Login"/>
  <testcase name="testHotelApp" time="14.858" classname="seleniumtutorial.Hotel_Login"/>
</testsuite> <!-- seleniumtutorial.Hotel_Login -->
