<?xml version="1.0" encoding="UTF-8"?>
<!-- Generated by org.testng.reporters.JUnitReportReporter -->
<testsuite hostname="svanik" name="smoketest.javaScriptExample" tests="1" failures="0" timestamp="22 Sep 2015 07:44:19 GMT" time="6.240" errors="0">
  <testcase name="JavaScriptExample" time="6.240" classname="smoketest.javaScriptExample"/>
</testsuite> <!-- smoketest.javaScriptExample -->
